<?xml version="1.0" encoding="UTF-8"?>
<!-- Generated by org.testng.reporters.JUnitXMLReporter -->
<testsuite hostname="BALCIOGLU" ignored="0" name="checkoutTestNG" tests="8" failures="0" timestamp="04 Nov 2018 22:34:47 GMT" time="39.711" errors="0">
  <testcase name="verifyHomepageTitle" time="0.017" classname="checkoutTestNG.mitsubishiCheckoutTestNg"/>
  <testcase name="selectCarAndModel" time="2.788" classname="checkoutTestNG.mitsubishiCheckoutTestNg"/>
  <testcase name="checkTheBox" time="3.091" classname="checkoutTestNG.mitsubishiCheckoutTestNg"/>
  <testcase name="selectConnectionType" time="2.092" classname="checkoutTestNG.mitsubishiCheckoutTestNg"/>
  <testcase name="selectPowerRating" time="4.405" classname="checkoutTestNG.mitsubishiCheckoutTestNg"/>
  <testcase name="checkCompatibleExtras" time="2.335" classname="checkoutTestNG.mitsubishiCheckoutTestNg"/>
  <testcase name="selectCompatibleExtras" time="2.151" classname="checkoutTestNG.mitsubishiCheckoutTestNg"/>
  <testcase name="testTotalPrice" time="10.092" classname="checkoutTestNG.mitsubishiCheckoutTestNg"/>
</testsuite> <!-- checkoutTestNG -->
